hi
Matrix(0, 5, [])
Matrix([[1, 1, 1, 1, 1]])
Matrix([[1, 1, 1, 1, 1]])
hi
Matrix([[1, 1, 1, 1, 1]])
Matrix([[0, -1, 0, 1, 1]])
Matrix([[0, -1, 0, 1, 1]])
hi
Matrix([[1, 1, 1, 1, 1], [0, -1, 0, 1, 1]])
Matrix([[0, 0, 1, 1, -1]])
Matrix([[0, 0, 1, 1, -1]])
hi
Matrix([[1, 1, 1, 1, 1], [0, -1, 0, 1, 1], [0, 0, 1, 1, -1]])
Matrix([[0, 1, 0, 1, 1]])
Matrix([[0, 0, 0, 2, 2]])
hi
Matrix([[1, 1, 1, 1, 1], [0, -1, 0, 1, 1], [0, 0, 1, 1, -1], [0, 0, 0, 2, 2]])
Matrix([[0, 0, 0, 1, -1]])
Matrix([[0, 0, 0, 0, -2]])
hi
Matrix([[1, 1, 1, 1, 1], [0, -1, 0, 1, 1], [0, 0, 1, 1, -1], [0, 0, 0, 2, 2], [0, 0, 0, 0, -2]])
Matrix([[0, 0, 1, 1, 1]])
Matrix([[0, 0, 0, 0, 0]])
hi
Matrix([[1, 1, 1, 1, 1], [0, -1, 0, 1, 1], [0, 0, 1, 1, -1], [0, 0, 0, 2, 2], [0, 0, 0, 0, -2]])
Matrix([[0, -1, 0, 1, 1]])
Matrix([[0, 0, 0, 0, 0]])
hi
Matrix([[1, 1, 1, 1, 1], [0, -1, 0, 1, 1], [0, 0, 1, 1, -1], [0, 0, 0, 2, 2], [0, 0, 0, 0, -2]])
Matrix([[0, 0, 0, 1, -1]])
Matrix([[0, 0, 0, 0, 0]])
hi
Matrix([[1, 1, 1, 1, 1], [0, -1, 0, 1, 1], [0, 0, 1, 1, -1], [0, 0, 0, 2, 2], [0, 0, 0, 0, -2]])
Matrix([[0, 0, 0, 1, 1]])
Matrix([[0, 0, 0, 0, 0]])
Basis:
x**2 + x*y - x - y**2/2 - y/2
y**3 - y
x*y**2 - x*y
x**2*y - y**2/2 - y/2
Normal set:
1
y
x
y**2
x*y
